{"/Users/allenliao/Documents/vscode-workspace/probation/test/mixin.js": {"path":"/Users/allenliao/Documents/vscode-workspace/probation/test/mixin.js","statementMap":{"0":{"start":{"line":1,"column":21},"end":{"line":57,"column":1}},"1":{"start":{"line":10,"column":30},"end":{"line":10,"column":32}},"2":{"start":{"line":11,"column":22},"end":{"line":11,"column":23}},"3":{"start":{"line":12,"column":6},"end":{"line":25,"column":7}},"4":{"start":{"line":14,"column":10},"end":{"line":14,"column":23}},"5":{"start":{"line":15,"column":10},"end":{"line":15,"column":15}},"6":{"start":{"line":17,"column":10},"end":{"line":17,"column":23}},"7":{"start":{"line":18,"column":10},"end":{"line":18,"column":15}},"8":{"start":{"line":20,"column":10},"end":{"line":20,"column":23}},"9":{"start":{"line":21,"column":10},"end":{"line":21,"column":15}},"10":{"start":{"line":23,"column":10},"end":{"line":23,"column":23}},"11":{"start":{"line":24,"column":10},"end":{"line":24,"column":15}},"12":{"start":{"line":27,"column":6},"end":{"line":33,"column":8}},"13":{"start":{"line":28,"column":8},"end":{"line":32,"column":9}},"14":{"start":{"line":29,"column":10},"end":{"line":29,"column":57}},"15":{"start":{"line":31,"column":10},"end":{"line":31,"column":55}},"16":{"start":{"line":35,"column":6},"end":{"line":35,"column":28}},"17":{"start":{"line":43,"column":6},"end":{"line":43,"column":94}},"18":{"start":{"line":43,"column":38},"end":{"line":43,"column":94}},"19":{"start":{"line":44,"column":6},"end":{"line":54,"column":11}},"20":{"start":{"line":45,"column":35},"end":{"line":54,"column":9}},"21":{"start":{"line":48,"column":40},"end":{"line":53,"column":13}},"22":{"start":{"line":51,"column":16},"end":{"line":51,"column":56}},"23":{"start":{"line":64,"column":24},"end":{"line":66,"column":1}},"24":{"start":{"line":65,"column":2},"end":{"line":65,"column":66}}},"fnMap":{"0":{"name":"(anonymous_0)","decl":{"start":{"line":9,"column":4},"end":{"line":9,"column":5}},"loc":{"start":{"line":9,"column":26},"end":{"line":36,"column":5}},"line":9},"1":{"name":"(anonymous_1)","decl":{"start":{"line":27,"column":19},"end":{"line":27,"column":20}},"loc":{"start":{"line":27,"column":31},"end":{"line":33,"column":7}},"line":27},"2":{"name":"(anonymous_2)","decl":{"start":{"line":42,"column":4},"end":{"line":42,"column":5}},"loc":{"start":{"line":42,"column":32},"end":{"line":55,"column":5}},"line":42},"3":{"name":"(anonymous_3)","decl":{"start":{"line":45,"column":13},"end":{"line":45,"column":14}},"loc":{"start":{"line":45,"column":35},"end":{"line":54,"column":9}},"line":45},"4":{"name":"(anonymous_4)","decl":{"start":{"line":48,"column":17},"end":{"line":48,"column":18}},"loc":{"start":{"line":48,"column":40},"end":{"line":53,"column":13}},"line":48},"5":{"name":"(anonymous_5)","decl":{"start":{"line":50,"column":41},"end":{"line":50,"column":42}},"loc":{"start":{"line":50,"column":55},"end":{"line":52,"column":15}},"line":50},"6":{"name":"(anonymous_6)","decl":{"start":{"line":64,"column":24},"end":{"line":64,"column":25}},"loc":{"start":{"line":64,"column":33},"end":{"line":66,"column":1}},"line":64}},"branchMap":{"0":{"loc":{"start":{"line":12,"column":6},"end":{"line":25,"column":7}},"type":"switch","locations":[{"start":{"line":13,"column":8},"end":{"line":15,"column":15}},{"start":{"line":16,"column":8},"end":{"line":18,"column":15}},{"start":{"line":19,"column":8},"end":{"line":21,"column":15}},{"start":{"line":22,"column":8},"end":{"line":24,"column":15}}],"line":12},"1":{"loc":{"start":{"line":28,"column":8},"end":{"line":32,"column":9}},"type":"if","locations":[{"start":{"line":28,"column":8},"end":{"line":32,"column":9}},{"start":{"line":30,"column":15},"end":{"line":32,"column":9}}],"line":28},"2":{"loc":{"start":{"line":43,"column":6},"end":{"line":43,"column":94}},"type":"if","locations":[{"start":{"line":43,"column":6},"end":{"line":43,"column":94}},{"start":{},"end":{}}],"line":43}},"s":{"0":1,"1":13,"2":13,"3":13,"4":3,"5":3,"6":5,"7":5,"8":2,"9":2,"10":2,"11":2,"12":13,"13":45,"14":5,"15":40,"16":10,"17":6,"18":3,"19":3,"20":6,"21":16,"22":18,"23":1,"24":12},"f":{"0":13,"1":45,"2":6,"3":6,"4":16,"5":18,"6":12},"b":{"0":[3,5,2,2],"1":[5,40],"2":[3,3]},"_coverageSchema":"1a1c01bbd47fc00a2c39e90264f33305004495a9","hash":"959422d889ea5678621c676551a05cb114894ca5"}
}
