TN:
SF:test/mixin.js
FN:9,(anonymous_0)
FN:27,(anonymous_1)
FN:42,(anonymous_2)
FN:45,(anonymous_3)
FN:48,(anonymous_4)
FN:50,(anonymous_5)
FN:64,(anonymous_6)
FNF:7
FNH:7
FNDA:11,(anonymous_0)
FNDA:40,(anonymous_1)
FNDA:5,(anonymous_2)
FNDA:6,(anonymous_3)
FNDA:16,(anonymous_4)
FNDA:18,(anonymous_5)
FNDA:5,(anonymous_6)
DA:1,1
DA:10,11
DA:11,11
DA:12,11
DA:14,2
DA:15,2
DA:17,5
DA:18,5
DA:20,2
DA:21,2
DA:23,2
DA:24,2
DA:27,11
DA:28,40
DA:29,4
DA:31,36
DA:35,8
DA:43,5
DA:44,2
DA:45,6
DA:48,16
DA:51,18
DA:64,1
DA:65,5
LF:24
LH:24
BRDA:12,0,0,2
BRDA:12,0,1,5
BRDA:12,0,2,2
BRDA:12,0,3,2
BRDA:28,1,0,4
BRDA:28,1,1,36
BRDA:43,2,0,3
BRDA:43,2,1,2
BRF:8
BRH:8
end_of_record
